<?xml version="1.0" encoding="UTF-8" ?>

<NaaccrDataExchange naaccrVersion="140" recordType="A">
    <Patient>
        <Item naaccrId="nameLast">DEPRY</Item>
        <Item naaccrId="nameFirst">FABIAN</Item>
        <Tumor>
            <Item naaccrId="primarySite">C123</Item>
        </Tumor>
        <Tumor>
            <Item naaccrId="primarySite">C456</Item>
        </Tumor>
    </Patient>
    <Patient>
        <Item naaccrId="nameLast">OTHER</Item>
    </Patient>
    <Patient>
        <Tumor>
            <Item naaccrId="primarySite">C789</Item>
        </Tumor>
    </Patient>
</NaaccrDataExchange>