<?xml version="1.0" encoding="UTF-8" ?>

<NaaccrDataExchange naaccrVersion="140" recordType="I">
    <Patient>
        <Item naaccrId="patientIdNumber">0000001</Item>
    </Patient>
    <Patient>
        <Item naaccrId="patientIdNumber">0000002</Item>
        <Item naaccrId="nameLast">SHOULDN't BE HERE</Item>
        <Tumor>
            <Item naaccrNum="primarySite">C456</Item>
        </Tumor>
    </Patient>
    <Patient>
        <Item naaccrId="patientIdNumber">0000003</Item>
    </Patient>
</NaaccrDataExchange>