<?xml version="1.0" encoding="UTF-8" ?>

<NaaccrDataExchange naaccrVersion="140" recordType="A">
    <Patient>
        <Item naaccrNum="20">00000001</Item>
        <Tumor>
            <Item naaccrNum="400">C123</Item>
        </Tumor>
        <Tumor>
            <Item naaccrNum="400">C456</Item>
        </Tumor>
    </Patient>
</NaaccrDataExchange>