<?xml version="1.0" encoding="UTF-8" ?>

<NaaccrDataExchange naaccrVersion="140" recordType="A">
    <Patient>
        <Item naaccrId="patientIdNumber">00000001</Item>
        <Tumor>
            <Item naaccrId="primarySite">C123</Item>
        </Tumor>
        <Tumor>
            <Item>C456</Item>
        </Tumor>
    </Patient>
</NaaccrDataExchange>